<?xml version="1.0" encoding="UTF-8"?>
<!-- Generated by org.testng.reporters.JUnitReportReporter -->
<testsuite hostname="LENOVO" name="com.login.TestNG" tests="1" failures="0" timestamp="15 Dec 2021 06:18:08 GMT" time="0.093" errors="0">
  <testcase name="login" time="0.093" classname="com.login.TestNG"/>
</testsuite> <!-- com.login.TestNG -->
